\BOOKMARK [1][-]{section.1}{Einleitung}{}% 1
\BOOKMARK [1][-]{section.2}{Theorie}{}% 2
\BOOKMARK [2][-]{subsection.2.1}{Strahlenoptik}{section.2}% 3
\BOOKMARK [3][-]{subsubsection.2.1.1}{Linsen}{subsection.2.1}% 4
\BOOKMARK [3][-]{subsubsection.2.1.2}{Brechung}{subsection.2.1}% 5
\BOOKMARK [2][-]{subsection.2.2}{Aufl\366sungsverm\366gen}{section.2}% 6
\BOOKMARK [2][-]{subsection.2.3}{Mikroskop}{section.2}% 7
\BOOKMARK [1][-]{section.3}{Durchf\374hrung}{}% 8
\BOOKMARK [2][-]{subsection.3.1}{Mikroskop}{section.3}% 9
\BOOKMARK [2][-]{subsection.3.2}{Optische Schiene}{section.3}% 10
\BOOKMARK [1][-]{section.4}{Auswertung}{}% 11
\BOOKMARK [2][-]{subsection.4.1}{Bestimmung der Okularvergr\366\337erung}{section.4}% 12
\BOOKMARK [2][-]{subsection.4.2}{Bestimmung der Brennweite der Objektive}{section.4}% 13
\BOOKMARK [2][-]{subsection.4.3}{Optische Schiene}{section.4}% 14
\BOOKMARK [1][-]{section.5}{Diskussion}{}% 15
\BOOKMARK [2][-]{subsection.5.1}{Okularvergr\366\337erung}{section.5}% 16
\BOOKMARK [2][-]{subsection.5.2}{Brennweite der Objektive}{section.5}% 17
\BOOKMARK [2][-]{subsection.5.3}{Optische Schiene mit Glasmasstab}{section.5}% 18
\BOOKMARK [2][-]{subsection.5.4}{Optische Schiene mit Plexiglasstab}{section.5}% 19
\BOOKMARK [1][-]{section*.8}{Literatur}{}% 20
